alf - Relational algebra at your fingertips

SYNOPSIS

    alf [--version] [--help]
    alf [FILE.alf]
    alf [alf opts] OPERATOR [operator opts] ARGS ...
    alf help OPERATOR

OPTIONS

      --rash                       Render output as ruby hashes
      --text                       Render output as a text table
      --yaml                       Render output in YAML
      --json                       Render output in JSON
      --csv                        Render output in CSV
      --examples                   Use the example database for database
      --db=DB                      Set the database to use
      --stdin=READER               Specify the kind of reader when reading on standard input (rash,csv,json,ruby,yaml)
  -Idirectory                      Specify $LOAD_PATH directory (may be used more than once)
  -rlibrary                        Require the library, before executing alf
      --ff=FORMAT                  Specify the floating point format
      --[no-]pretty                Enable/disable pretty print best effort
  -h, --help                       Show help
  -v, --version                    Show version

COMMANDS

  help         Shows help about a specific command or relational operator
  show         Evaluates a query and shows the result.
  metadata     Show metadata for a query
  explain      Show the logical and physical plans of a query

See 'alf help COMMAND' for details about a specific command.
See 'alf help OPERATOR' for documentation of a relational operator.

SystemExit
